============================= test session starts ==============================
platform linux -- Python 3.13.11, pytest-9.0.2, pluggy-1.5.0 -- /home/burdens/miniconda3/bin/python3
cachedir: .pytest_cache
rootdir: /home/burdens/compatible
plugins: cov-7.0.0, asyncio-1.3.0, anyio-4.12.1
asyncio: mode=Mode.STRICT, debug=False, asyncio_default_fixture_loop_scope=None, asyncio_default_test_loop_scope=function
collecting ... collected 35 items

cc/tests/test_mvp.py::test_zw_block_canonicalization PASSED
cc/tests/test_mvp.py::test_full_cycle_success [LOG] Appended rcpt_9927259a | Log Head: 58116a244e6d...
PASSED
cc/tests/test_mvp.py::test_verify_failure [LOG] Appended rcpt_d6ca1004 | Log Head: 7d1a45faec22...
PASSED
cc/tests/test_mvp.py::test_deterministic_replay [LOG] Appended rcpt_5b08df33 | Log Head: 6bd9793d2af6...
[LOG] Appended rcpt_aaf296f6 | Log Head: f09e9758689d...
[LOG] Appended rcpt_4441f6b1 | Log Head: 6034a506e15d...
[REPLAY] Replaying test_receipts.jsonl...
[REPLAY] Applied snap_f5e6bb06 | State Hash: d2c3fc0a4c99...
[REPLAY] Applied snap_64996611 | State Hash: 31e85b638d77...
[REPLAY] Skipped None receipt rcpt_4441f6b1
[REPLAY] Finished. Final State Hash: 31e85b638d77
SUCCESS: State hashes match exactly! Deterministic replay confirmed.
Original:  31e85b638d77438a72e739919541e7db49cc83aff1893fb0935d3ee587617d38
Replayed:  31e85b638d77438a72e739919541e7db49cc83aff1893fb0935d3ee587617d38
PASSED
cc/tests/test_mvp.py::test_capsule_export [LOG] Appended rcpt_bf57302f | Log Head: ab380297fd18...
PASSED
cc/tests/test_mvp.py::test_sign_and_verify PASSED
cc/tests/test_mvp.py::test_tampered_sig_rejected PASSED
cc/tests/test_mvp.py::test_capsule_export_import_roundtrip [LOG] Appended rcpt_a5a035d9 | Log Head: 3ff95b49cea2...
PASSED
cc/tests/test_mvp.py::test_capsule_import_rejects_bad_sig [LOG] Appended rcpt_1db3ddba | Log Head: a263840ad516...
PASSED
cc/tests/test_mvp.py::test_conflict_keep_local PASSED
cc/tests/test_mvp.py::test_12_ttl_unit_invisible_after_expiry PASSED
cc/tests/test_mvp.py::test_13_ttl_survives_capsule_boundary PASSED
cc/tests/test_mvp.py::test_14_canon_scope_immutable [LOG] Appended rcpt_28956eaa | Log Head: 650b632c9ecc...
[LOG] Appended rcpt_69a07417 | Log Head: 026947523841...
PASSED
cc/tests/test_mvp.py::test_15_policy_rule_violation_blocks_commit [LOG] Appended rcpt_4f887b19 | Log Head: 8e6693ce2c46...
[LOG] Appended rcpt_ea2a08a3 | Log Head: deb4f81efcdf...
PASSED
cc/tests/test_mvp.py::test_corrupted_replay [LOG] Appended rcpt_2d74453e | Log Head: 2059b4948e6d...
[LOG] Appended rcpt_76a59a29 | Log Head: 4e44fbb7158a...
[REPLAY] Replaying test_receipts.jsonl...
[REPLAY] Applied snap_08222c60 | State Hash: d2c3fc0a4c99...
PASSED
cc/tests/test_mvp.py::test_16_zw_block_deterministic_hash PASSED
cc/tests/test_mvp.py::test_17_style_profile_write_is_auditable [LOG] Appended rcpt_8a27ab49 | Log Head: c98dc36ad254...
[LOG] Appended rcpt_0e5b5ba8 | Log Head: 6d2d9d9e8f79...
PASSED
cc/tests/test_mvp.py::test_18_allowed_tool_call_commits [LOG] Appended rcpt_3a65dcdb | Log Head: 9b84a1705710...
PASSED
cc/tests/test_mvp.py::test_19_gateway_blocks_disallowed_host [LOG] Appended rcpt_b035604f | Log Head: eca1e0187bbf...
PASSED
cc/tests/test_mvp.py::test_20_verifier_catches_unauthorized_call [LOG] Appended rcpt_0d61bf63 | Log Head: b421b55dbd26...
PASSED
cc/tests/test_mvp.py::test_21_staged_writes_discarded_on_tool_violation [LOG] Appended rcpt_2e3225c1 | Log Head: a0378781272d...
PASSED
cc/tests/test_mvp.py::test_22_ast_whitelist_blocks_injection PASSED
cc/tests/test_mvp.py::test_23_key_manager_session_resident PASSED
cc/tests/test_mvp.py::test_24_mcp_mem_find_returns_results PASSED
cc/tests/test_mvp.py::test_25_mcp_mem_store_full_cycle [LOG] Appended rcpt_76740c21 | Log Head: ad3c448a53c4...
PASSED
cc/tests/test_mvp.py::test_26_ttl_tombstone_not_hard_deleted [LOG] Appended rcpt_39cbe86e | Log Head: f4406bc849ad...
PASSED
cc/tests/test_mvp.py::test_27_signed_capsule_tamper_rejected [LOG] Appended rcpt_f3145d7f | Log Head: 100389c2e22a...
PASSED
cc/tests/test_mvp.py::test_28_session_continuity [LOG] Appended rcpt_4e6e15cc | Log Head: 96345e88de87...
[LOG] Appended rcpt_0f54c739 | Log Head: 67d3c5c59991...
[LOG] Appended rcpt_94a16d0c | Log Head: e5e4679cc8dd...
[LOG] Appended rcpt_02717f10 | Log Head: 5868d3854263...
[LOG] Appended rcpt_1136dbed | Log Head: 9aa96f421898...
[LOG] Appended rcpt_6b863907 | Log Head: fb7eba585370...
PASSED
cc/tests/test_mvp.py::test_29_snapshot_checkpoint_replay [LOG] Appended rcpt_e9c118f3 | Log Head: a773a11d6256...
[LOG] Appended rcpt_59a7f9b7 | Log Head: 8ebad08282cd...
[LOG] Appended rcpt_785ca6d0 | Log Head: 4a5b50a8e0b3...
[LOG] Appended rcpt_c5222eba | Log Head: 3b74246effa8...
[REPLAY] Replaying /tmp/tmp9xc968b2/main.jsonl...
[REPLAY] Applied snap_503a0253 | State Hash: 155dceed749d...
[REPLAY] Applied snap_f3eb2126 | State Hash: f36e6564aee7...
[REPLAY] Applied snap_b3bfee24 | State Hash: 9a4313c9f2e7...
[REPLAY] Applied snap_d322cc91 | State Hash: 085026d20d79...
[REPLAY] Finished. Final State Hash: 085026d20d79
PASSED
cc/tests/test_mvp.py::test_30_tcp_transport_mem_find [LOG] Appended rcpt_73d95ad6 | Log Head: 58ad370da92b...
[TCP] Server listening on ('127.0.0.1', 7710)
PASSED
cc/tests/test_mvp.py::test_31_auth_wrong_token_rejected [TCP] Server listening on ('127.0.0.1', 7711)
PASSED
cc/tests/test_mvp.py::test_32_concurrent_session_isolation [TCP] Server listening on ('127.0.0.1', 7712)
[LOG] Appended rcpt_3a0e9edc | Log Head: 04e5b8ca3297...
PASSED
cc/tests/test_mvp.py::test_33_policy_seal_and_verify PASSED
cc/tests/test_mvp.py::test_34_tampered_policy_detected PASSED
cc/tests/test_mvp.py::test_35_locked_down_skips_db_rules [LOG] Appended rcpt_dc9e743e | Log Head: b270562261af...
[LOG] Appended rcpt_441e5963 | Log Head: 41f28c339dd6...
[LOG] Appended rcpt_d7c7cfc0 | Log Head: a37707b6bd2d...
PASSED

============================== 35 passed in 1.42s ==============================
